<html>
<head>
<title>TestNG:  Surefire test</title>
<link href="../testng.css" rel="stylesheet" type="text/css" />
<link href="../my-testng.css" rel="stylesheet" type="text/css" />

<style type="text/css">
.log { display: none;} 
.stack-trace { display: none;} 
</style>
<script type="text/javascript">
<!--
function flip(e) {
  current = e.style.display;
  if (current == 'block') {
    e.style.display = 'none';
    return 0;
  }
  else {
    e.style.display = 'block';
    return 1;
  }
}

function toggleBox(szDivId, elem, msg1, msg2)
{
  var res = -1;  if (document.getElementById) {
    res = flip(document.getElementById(szDivId));
  }
  else if (document.all) {
    // this is the way old msie versions work
    res = flip(document.all[szDivId]);
  }
  if(elem) {
    if(res == 0) elem.innerHTML = msg1; else elem.innerHTML = msg2;
  }

}

function toggleAllBoxes() {
  if (document.getElementsByTagName) {
    d = document.getElementsByTagName('div');
    for (i = 0; i < d.length; i++) {
      if (d[i].className == 'log') {
        flip(d[i]);
      }
    }
  }
}

// -->
</script>

</head>
<body>
<h2 align='center'>Surefire test</h2><table border='1' align="center">
<tr>
<td>Tests passed/Failed/Skipped:</td><td>11/4/0</td>
</tr><tr>
<td>Started on:</td><td>Mon Jun 20 00:02:22 EET 2022</td>
</tr>
<tr><td>Total time:</td><td>299 seconds (299060 ms)</td>
</tr><tr>
<td>Included groups:</td><td></td>
</tr><tr>
<td>Excluded groups:</td><td></td>
</tr>
</table><p/>
<small><i>(Hover the method name to see the test class name)</i></small><p/>
<table width='100%' border='1' class='invocation-failed'>
<tr><td colspan='4' align='center'><b>FAILED TESTS</b></td></tr>
<tr><td><b>Test method</b></td>
<td width="30%"><b>Exception</b></td>
<td width="10%"><b>Time (seconds)</b></td>
<td><b>Instance</b></td>
</tr>
<tr>
<td title='org.example.testRunner.runner.runScenario()'><b>runScenario</b><br>Test class: org.example.testRunner.runner<br>Test method: Runs Cucumber Scenarios<br>Parameters: "user opens rss link", "F07_followUs | users could open followUs links"</td>
<td><div><pre>java.lang.IndexOutOfBoundsException: Index: 1, Size: 1
	at java.util.ArrayList.rangeCheck(ArrayList.java:657)
	at java.util.ArrayList.get(ArrayList.java:433)
	at org.example.stepDef.D07_followUsStepDef.Rss(D07_followUsStepDef.java:31)
	at ?.User click on rss link(file:///E:/Mvencucamber/src/main/resources/Features/FO7_followUs.feature:16)
</pre></div><a href='#' onClick='toggleBox("stack-trace1552767213", this, "Click to show all stack frames", "Click to hide stack frames")'>Click to show all stack frames</a>
<div class='stack-trace' id='stack-trace1552767213'><pre>java.lang.IndexOutOfBoundsException: Index: 1, Size: 1
	at java.util.ArrayList.rangeCheck(ArrayList.java:657)
	at java.util.ArrayList.get(ArrayList.java:433)
	at org.example.stepDef.D07_followUsStepDef.Rss(D07_followUsStepDef.java:31)
	at ?.User click on rss link(file:///E:/Mvencucamber/src/main/resources/Features/FO7_followUs.feature:16)
</pre></div></td>
<td>14</td>
<td>org.example.testRunner.runner@3aeaafa6</td></tr>
<tr>
<td title='org.example.testRunner.runner.runScenario()'><b>runScenario</b><br>Test class: org.example.testRunner.runner<br>Test method: Runs Cucumber Scenarios<br>Parameters: "users could click on First homeslider and navigate to another tab", "home sliders"</td>
<td><div><pre>org.openqa.selenium.TimeoutException: Expected condition failed: waiting for url to contain &quot;https://demo.nopcommerce.com/nokia-lumia-1020&quot;. Current url: &quot;https://demo.nopcommerce.com/&quot; (tried for 5 second(s) with 500 milliseconds interval)
Build info: version: &apos;4.2.2&apos;, revision: &apos;683ccb65d6&apos;
System info: host: &apos;DESKTOP-G4V72L8&apos;, ip: &apos;192.168.1.4&apos;, os.name: &apos;Windows 10&apos;, os.arch: &apos;amd64&apos;, os.version: &apos;10.0&apos;, java.version: &apos;1.8.0_241&apos;
Driver info: org.openqa.selenium.chrome.ChromeDriver
Capabilities {acceptInsecureCerts: false, browserName: chrome, browserVersion: 102.0.5005.115, chrome: {chromedriverVersion: 102.0.5005.61 (0e59bcc00cc4..., userDataDir: C:\Users\lenovo\AppData\Loc...}, goog:chromeOptions: {debuggerAddress: localhost:63603}, networkConnectionEnabled: false, pageLoadStrategy: normal, platformName: WINDOWS, proxy: Proxy(), se:cdp: ws://localhost:63603/devtoo..., se:cdpVersion: 102.0.5005.115, setWindowRect: true, strictFileInteractability: false, timeouts: {implicit: 0, pageLoad: 300000, script: 30000}, unhandledPromptBehavior: dismiss and notify, webauthn:extension:credBlob: true, webauthn:extension:largeBlob: true, webauthn:virtualAuthenticators: true}
Session ID: d090f80171cd876c2f0e8a3a7491d294
	at org.openqa.selenium.support.ui.WebDriverWait.timeoutException(WebDriverWait.java:87)
	at org.openqa.selenium.support.ui.FluentWait.until(FluentWait.java:231)
	at org.example.stepDef.DO6_homeSliders.FirstsliderCheck(DO6_homeSliders.java:25)
	at ?.System should direct user to nokia-lumia URL &quot;https://demo.nopcommerce.com/nokia-lumia-1020&quot;(file:///E:/Mvencucamber/src/main/resources/Features/F06_homeSliders.feature:6)
</pre></div><a href='#' onClick='toggleBox("stack-trace459030111", this, "Click to show all stack frames", "Click to hide stack frames")'>Click to show all stack frames</a>
<div class='stack-trace' id='stack-trace459030111'><pre>org.openqa.selenium.TimeoutException: Expected condition failed: waiting for url to contain &quot;https://demo.nopcommerce.com/nokia-lumia-1020&quot;. Current url: &quot;https://demo.nopcommerce.com/&quot; (tried for 5 second(s) with 500 milliseconds interval)
Build info: version: &apos;4.2.2&apos;, revision: &apos;683ccb65d6&apos;
System info: host: &apos;DESKTOP-G4V72L8&apos;, ip: &apos;192.168.1.4&apos;, os.name: &apos;Windows 10&apos;, os.arch: &apos;amd64&apos;, os.version: &apos;10.0&apos;, java.version: &apos;1.8.0_241&apos;
Driver info: org.openqa.selenium.chrome.ChromeDriver
Capabilities {acceptInsecureCerts: false, browserName: chrome, browserVersion: 102.0.5005.115, chrome: {chromedriverVersion: 102.0.5005.61 (0e59bcc00cc4..., userDataDir: C:\Users\lenovo\AppData\Loc...}, goog:chromeOptions: {debuggerAddress: localhost:63603}, networkConnectionEnabled: false, pageLoadStrategy: normal, platformName: WINDOWS, proxy: Proxy(), se:cdp: ws://localhost:63603/devtoo..., se:cdpVersion: 102.0.5005.115, setWindowRect: true, strictFileInteractability: false, timeouts: {implicit: 0, pageLoad: 300000, script: 30000}, unhandledPromptBehavior: dismiss and notify, webauthn:extension:credBlob: true, webauthn:extension:largeBlob: true, webauthn:virtualAuthenticators: true}
Session ID: d090f80171cd876c2f0e8a3a7491d294
	at org.openqa.selenium.support.ui.WebDriverWait.timeoutException(WebDriverWait.java:87)
	at org.openqa.selenium.support.ui.FluentWait.until(FluentWait.java:231)
	at org.example.stepDef.DO6_homeSliders.FirstsliderCheck(DO6_homeSliders.java:25)
	at ?.System should direct user to nokia-lumia URL &quot;https://demo.nopcommerce.com/nokia-lumia-1020&quot;(file:///E:/Mvencucamber/src/main/resources/Features/F06_homeSliders.feature:6)
</pre></div></td>
<td>34</td>
<td>org.example.testRunner.runner@3aeaafa6</td></tr>
<tr>
<td title='org.example.testRunner.runner.runScenario()'><b>runScenario</b><br>Test class: org.example.testRunner.runner<br>Test method: Runs Cucumber Scenarios<br>Parameters: "", "home sliders"</td>
<td><div><pre>org.openqa.selenium.TimeoutException: Expected condition failed: waiting for url to contain &quot;https://demo.nopcommerce.com/iphone-6&quot;. Current url: &quot;https://demo.nopcommerce.com/&quot; (tried for 5 second(s) with 500 milliseconds interval)
Build info: version: &apos;4.2.2&apos;, revision: &apos;683ccb65d6&apos;
System info: host: &apos;DESKTOP-G4V72L8&apos;, ip: &apos;192.168.1.4&apos;, os.name: &apos;Windows 10&apos;, os.arch: &apos;amd64&apos;, os.version: &apos;10.0&apos;, java.version: &apos;1.8.0_241&apos;
Driver info: org.openqa.selenium.chrome.ChromeDriver
Capabilities {acceptInsecureCerts: false, browserName: chrome, browserVersion: 102.0.5005.115, chrome: {chromedriverVersion: 102.0.5005.61 (0e59bcc00cc4..., userDataDir: C:\Users\lenovo\AppData\Loc...}, goog:chromeOptions: {debuggerAddress: localhost:63646}, networkConnectionEnabled: false, pageLoadStrategy: normal, platformName: WINDOWS, proxy: Proxy(), se:cdp: ws://localhost:63646/devtoo..., se:cdpVersion: 102.0.5005.115, setWindowRect: true, strictFileInteractability: false, timeouts: {implicit: 0, pageLoad: 300000, script: 30000}, unhandledPromptBehavior: dismiss and notify, webauthn:extension:credBlob: true, webauthn:extension:largeBlob: true, webauthn:virtualAuthenticators: true}
Session ID: 05a51858b125f1c7610a045f29da3789
	at org.openqa.selenium.support.ui.WebDriverWait.timeoutException(WebDriverWait.java:87)
	at org.openqa.selenium.support.ui.FluentWait.until(FluentWait.java:231)
	at org.example.stepDef.DO6_homeSliders.SecondSliderCheck(DO6_homeSliders.java:32)
	at ?.System should direct user to Iphone-6 URL &quot;https://demo.nopcommerce.com/iphone-6&quot;(file:///E:/Mvencucamber/src/main/resources/Features/F06_homeSliders.feature:11)
</pre></div><a href='#' onClick='toggleBox("stack-trace2095793272", this, "Click to show all stack frames", "Click to hide stack frames")'>Click to show all stack frames</a>
<div class='stack-trace' id='stack-trace2095793272'><pre>org.openqa.selenium.TimeoutException: Expected condition failed: waiting for url to contain &quot;https://demo.nopcommerce.com/iphone-6&quot;. Current url: &quot;https://demo.nopcommerce.com/&quot; (tried for 5 second(s) with 500 milliseconds interval)
Build info: version: &apos;4.2.2&apos;, revision: &apos;683ccb65d6&apos;
System info: host: &apos;DESKTOP-G4V72L8&apos;, ip: &apos;192.168.1.4&apos;, os.name: &apos;Windows 10&apos;, os.arch: &apos;amd64&apos;, os.version: &apos;10.0&apos;, java.version: &apos;1.8.0_241&apos;
Driver info: org.openqa.selenium.chrome.ChromeDriver
Capabilities {acceptInsecureCerts: false, browserName: chrome, browserVersion: 102.0.5005.115, chrome: {chromedriverVersion: 102.0.5005.61 (0e59bcc00cc4..., userDataDir: C:\Users\lenovo\AppData\Loc...}, goog:chromeOptions: {debuggerAddress: localhost:63646}, networkConnectionEnabled: false, pageLoadStrategy: normal, platformName: WINDOWS, proxy: Proxy(), se:cdp: ws://localhost:63646/devtoo..., se:cdpVersion: 102.0.5005.115, setWindowRect: true, strictFileInteractability: false, timeouts: {implicit: 0, pageLoad: 300000, script: 30000}, unhandledPromptBehavior: dismiss and notify, webauthn:extension:credBlob: true, webauthn:extension:largeBlob: true, webauthn:virtualAuthenticators: true}
Session ID: 05a51858b125f1c7610a045f29da3789
	at org.openqa.selenium.support.ui.WebDriverWait.timeoutException(WebDriverWait.java:87)
	at org.openqa.selenium.support.ui.FluentWait.until(FluentWait.java:231)
	at org.example.stepDef.DO6_homeSliders.SecondSliderCheck(DO6_homeSliders.java:32)
	at ?.System should direct user to Iphone-6 URL &quot;https://demo.nopcommerce.com/iphone-6&quot;(file:///E:/Mvencucamber/src/main/resources/Features/F06_homeSliders.feature:11)
</pre></div></td>
<td>14</td>
<td>org.example.testRunner.runner@3aeaafa6</td></tr>
<tr>
<td title='org.example.testRunner.runner.runScenario()'><b>runScenario</b><br>Test class: org.example.testRunner.runner<br>Test method: Runs Cucumber Scenarios<br>Parameters: "user could add different products to Wishlist", "user could add item to check list"</td>
<td><div><pre>java.lang.AssertionError: The following asserts failed:
	msg expected [true] but found [false]
	at org.example.stepDef.D08_WishlistStepDef.checkMsg(D08_WishlistStepDef.java:31)
	at ?.the product added to the wishlist and see success msg &quot;wishlist&quot;(file:///E:/Mvencucamber/src/main/resources/Features/F08_Wishlist.feature:6)
... Removed 2 stack frames</pre></div><a href='#' onClick='toggleBox("stack-trace1825811850", this, "Click to show all stack frames", "Click to hide stack frames")'>Click to show all stack frames</a>
<div class='stack-trace' id='stack-trace1825811850'><pre>java.lang.AssertionError: The following asserts failed:
	msg expected [true] but found [false]
	at org.testng.asserts.SoftAssert.assertAll(SoftAssert.java:46)
	at org.testng.asserts.SoftAssert.assertAll(SoftAssert.java:30)
	at org.example.stepDef.D08_WishlistStepDef.checkMsg(D08_WishlistStepDef.java:31)
	at ?.the product added to the wishlist and see success msg &quot;wishlist&quot;(file:///E:/Mvencucamber/src/main/resources/Features/F08_Wishlist.feature:6)
</pre></div></td>
<td>13</td>
<td>org.example.testRunner.runner@3aeaafa6</td></tr>
</table><p>
<table width='100%' border='1' class='invocation-passed'>
<tr><td colspan='4' align='center'><b>PASSED TESTS</b></td></tr>
<tr><td><b>Test method</b></td>
<td width="30%"><b>Exception</b></td>
<td width="10%"><b>Time (seconds)</b></td>
<td><b>Instance</b></td>
</tr>
<tr>
<td title='org.example.testRunner.runner.runScenario()'><b>runScenario</b><br>Test class: org.example.testRunner.runner<br>Test method: Runs Cucumber Scenarios<br>Parameters: "user opens facebook link", "F07_followUs | users could open followUs links"</td>
<td></td>
<td>9</td>
<td>org.example.testRunner.runner@3aeaafa6</td></tr>
<tr>
<td title='org.example.testRunner.runner.runScenario()'><b>runScenario</b><br>Test class: org.example.testRunner.runner<br>Test method: Runs Cucumber Scenarios<br>Parameters: "user adds item to cart", "User could add item to cart"</td>
<td></td>
<td>46</td>
<td>org.example.testRunner.runner@3aeaafa6</td></tr>
<tr>
<td title='org.example.testRunner.runner.runScenario()'><b>runScenario</b><br>Test class: org.example.testRunner.runner<br>Test method: Runs Cucumber Scenarios<br>Parameters: "user could search for product using name", "user could seach for products"</td>
<td></td>
<td>14</td>
<td>org.example.testRunner.runner@3aeaafa6</td></tr>
<tr>
<td title='org.example.testRunner.runner.runScenario()'><b>runScenario</b><br>Test class: org.example.testRunner.runner<br>Test method: Runs Cucumber Scenarios<br>Parameters: "guest user could register with valid data successfully", "users could register with new account"</td>
<td></td>
<td>32</td>
<td>org.example.testRunner.runner@3aeaafa6</td></tr>
<tr>
<td title='org.example.testRunner.runner.runScenario()'><b>runScenario</b><br>Test class: org.example.testRunner.runner<br>Test method: Runs Cucumber Scenarios<br>Parameters: "user could search for product using name", "user could seach for products"</td>
<td></td>
<td>18</td>
<td>org.example.testRunner.runner@3aeaafa6</td></tr>
<tr>
<td title='org.example.testRunner.runner.runScenario()'><b>runScenario</b><br>Test class: org.example.testRunner.runner<br>Test method: Runs Cucumber Scenarios<br>Parameters: "user opens youtube link", "F07_followUs | users could open followUs links"</td>
<td></td>
<td>12</td>
<td>org.example.testRunner.runner@3aeaafa6</td></tr>
<tr>
<td title='org.example.testRunner.runner.runScenario()'><b>runScenario</b><br>Test class: org.example.testRunner.runner<br>Test method: Runs Cucumber Scenarios<br>Parameters: "user could login with valid email and password", "users could Login with registered account"</td>
<td></td>
<td>8</td>
<td>org.example.testRunner.runner@3aeaafa6</td></tr>
<tr>
<td title='org.example.testRunner.runner.runScenario()'><b>runScenario</b><br>Test class: org.example.testRunner.runner<br>Test method: Runs Cucumber Scenarios<br>Parameters: "user could switch between currencies", "User could Switch between currencies"</td>
<td></td>
<td>35</td>
<td>org.example.testRunner.runner@3aeaafa6</td></tr>
<tr>
<td title='org.example.testRunner.runner.runScenario()'><b>runScenario</b><br>Test class: org.example.testRunner.runner<br>Test method: Runs Cucumber Scenarios<br>Parameters: "user could search for product using name", "user could seach for products"</td>
<td></td>
<td>9</td>
<td>org.example.testRunner.runner@3aeaafa6</td></tr>
<tr>
<td title='org.example.testRunner.runner.runScenario()'><b>runScenario</b><br>Test class: org.example.testRunner.runner<br>Test method: Runs Cucumber Scenarios<br>Parameters: "user opens twitter link", "F07_followUs | users could open followUs links"</td>
<td></td>
<td>13</td>
<td>org.example.testRunner.runner@3aeaafa6</td></tr>
<tr>
<td title='org.example.testRunner.runner.runScenario()'><b>runScenario</b><br>Test class: org.example.testRunner.runner<br>Test method: Runs Cucumber Scenarios<br>Parameters: "logged user select Categories", "user could select different Categories"</td>
<td></td>
<td>20</td>
<td>org.example.testRunner.runner@3aeaafa6</td></tr>
</table><p>
</body>
</html>